\BOOKMARK [0][-]{chapter*.1}{\376\377\144\130\000\040\211\201}{}% 1
\BOOKMARK [0][-]{chapter*.2}{ABSTRACT}{}% 2
\BOOKMARK [0][-]{section*.3}{\376\377\166\356\000\040\137\125}{}% 3
\BOOKMARK [0][-]{section*.5}{\376\377\126\376\000\040\137\125}{}% 4
\BOOKMARK [0][-]{section*.7}{\376\377\210\150\000\040\137\125}{}% 5
\BOOKMARK [0][-]{chapter.1}{\376\377\173\054\116\000\172\340\000\040\000\040\137\025\212\000}{}% 6
\BOOKMARK [1][-]{section.1.1}{\376\377\0001\000.\0001\000\040\121\111\133\146\152\041\127\213}{chapter.1}% 7
\BOOKMARK [2][-]{subsection.1.1.1}{\376\377\0001\000.\0001\000.\0001\000\040\164\006\213\272\127\372\170\100}{section.1.1}% 8
\BOOKMARK [2][-]{subsection.1.1.2}{\376\377\0001\000.\0001\000.\0002\000\040\121\111\133\146\122\277\166\204\226\010\137\002\136\070\163\260\214\141}{section.1.1}% 9
\BOOKMARK [1][-]{section.1.2}{\376\377\0001\000.\0002\000\040\226\010\137\002\136\070\163\260\214\141\166\204\170\024\172\166\163\260\162\266}{chapter.1}% 10
\BOOKMARK [2][-]{subsection.1.2.1}{\376\377\0001\000.\0002\000.\0001\000\040\137\061\147\137\177\032\117\123\174\373}{section.1.2}% 11
\BOOKMARK [2][-]{subsection.1.2.2}{\376\377\0001\000.\0002\000.\0002\000\040\146\125\150\070\117\123\174\373}{section.1.2}% 12
\BOOKMARK [2][-]{subsection.1.2.3}{\376\377\0001\000.\0002\000.\0003\000\040\131\047\137\142\123\330\117\123\174\373}{section.1.2}% 13
\BOOKMARK [1][-]{section.1.3}{\376\377\0001\000.\0003\000\040\213\272\145\207\166\204\116\073\230\230\124\214\141\017\116\111}{chapter.1}% 14
\BOOKMARK [0][-]{chapter.2}{\376\377\173\054\116\214\172\340\000\040\000\040\133\236\232\214\121\205\133\271}{}% 15
\BOOKMARK [1][-]{section.2.1}{\376\377\0002\000.\0001\000\040\133\236\232\214\145\271\150\110}{chapter.2}% 16
\BOOKMARK [1][-]{section.2.2}{\376\377\0002\000.\0002\000\040\133\236\232\214\213\276\177\156}{chapter.2}% 17
\BOOKMARK [2][-]{subsection.2.2.1}{\376\377\0002\000.\0002\000.\0001\000\040\147\137\155\101\176\277}{section.2.2}% 18
\BOOKMARK [2][-]{subsection.2.2.2}{\376\377\0002\000.\0002\000.\0002\000\040\143\242\155\113\117\123\174\373}{section.2.2}% 19
\BOOKMARK [2][-]{subsection.2.2.3}{\376\377\0002\000.\0002\000.\0003\000\040\165\065\133\120\133\146\116\016\203\267\123\326\174\373\176\337}{section.2.2}% 20
\BOOKMARK [1][-]{section.2.3}{\376\377\0002\000.\0003\000\040\133\236\232\214\144\315\117\134}{chapter.2}% 21
\BOOKMARK [2][-]{subsection.2.3.1}{\376\377\0002\000.\0003\000.\0001\000\040\142\275\167\037\172\172}{section.2.3}% 22
\BOOKMARK [2][-]{subsection.2.3.2}{\376\377\0002\000.\0003\000.\0002\000\040\000Q\0003\000D\170\301\127\072\214\003\202\202}{section.2.3}% 23
\BOOKMARK [2][-]{subsection.2.3.3}{\376\377\0002\000.\0003\000.\0003\000\040\217\154\122\250\000Q\0003\000D}{section.2.3}% 24
\BOOKMARK [2][-]{subsection.2.3.4}{\376\377\0002\000.\0003\000.\0004\000\040\227\166\166\204\214\003\202\202}{section.2.3}% 25
\BOOKMARK [1][-]{section.2.4}{\376\377\0002\000.\0004\000\040\133\236\232\214\217\307\172\013}{chapter.2}% 26
\BOOKMARK [2][-]{subsection.2.4.1}{\376\377\0002\000.\0004\000.\0001\000\040\171\273\176\277\155\113\213\325}{section.2.4}% 27
\BOOKMARK [2][-]{subsection.2.4.2}{\376\377\0002\000.\0004\000.\0002\000\040\147\137\155\101\214\003\202\202}{section.2.4}% 28
\BOOKMARK [2][-]{subsection.2.4.3}{\376\377\0002\000.\0004\000.\0003\000\040\161\046\227\142\143\242\155\113\126\150\117\115\177\156\214\003\145\164}{section.2.4}% 29
\BOOKMARK [2][-]{subsection.2.4.4}{\376\377\0002\000.\0004\000.\0004\000\040\122\250\221\317\122\073\136\246}{section.2.4}% 30
\BOOKMARK [2][-]{subsection.2.4.5}{\376\377\0002\000.\0004\000.\0005\000\040\172\313\117\123\211\322\122\073\136\246}{section.2.4}% 31
\BOOKMARK [2][-]{subsection.2.4.6}{\376\377\0002\000.\0004\000.\0006\000\040\155\113\221\317}{section.2.4}% 32
\BOOKMARK [0][-]{chapter.3}{\376\377\173\054\116\011\172\340\000\040\000\040\145\160\143\156\131\004\164\006\124\214\122\006\147\220}{}% 33
\BOOKMARK [1][-]{section.3.1}{\376\377\0003\000.\0001\000\040\000P\000I\000N\226\065\122\027\145\160\143\156\116\016\121\306\137\071\140\047\145\143\134\004\211\322\122\006\136\003}{chapter.3}% 34
\BOOKMARK [1][-]{section.3.2}{\376\377\0003\000.\0002\000\040\161\046\227\142\143\242\155\113\126\150\145\160\143\156\116\016\137\071\140\047\145\143\134\004\211\322\122\006\136\003}{chapter.3}% 35
\BOOKMARK [1][-]{section.3.3}{\376\377\0003\000.\0003\000\040\121\111\133\146\122\277\123\302\145\160\166\204\142\337\124\010}{chapter.3}% 36
\BOOKMARK [1][-]{section.3.4}{\376\377\0003\000.\0004\000\040\121\111\133\146\122\277\166\204\200\375\221\317\166\370\117\235\140\047\116\016\202\162\145\143\121\163\174\373}{chapter.3}% 37
\BOOKMARK [0][-]{chapter.4}{\376\377\173\054\126\333\172\340\000\040\000\040\140\073\176\323\116\016\134\125\147\033}{}% 38
\BOOKMARK [0][-]{section*.41}{\376\377\123\302\200\003\145\207\163\056}{}% 39
\BOOKMARK [0][-]{chapter*.43}{\376\377\201\364\214\042}{}% 40
\BOOKMARK [0][-]{chapter*.44}{\376\377\145\073\213\373\123\132\377\010\170\125\377\011\130\353\133\146\117\115\147\037\225\364\135\362\123\321\210\150\142\026\137\125\165\050\166\204\213\272\145\207}{}% 41
